<?xml version="1.0" encoding="UTF-8"?>
<!-- Generated by org.testng.reporters.JUnitXMLReporter -->
<testsuite ignored="0" hostname="DESKTOP-JRVQ74U" failures="0" tests="3" name="Test" time="27.501" errors="0" timestamp="2023-11-22T16:35:48 IST">
  <testcase classname="com.OpenAccount.TC_01_OpenApproveViewActiveCustomerTest" name="TC_01" time="22.682"/>
  <testcase classname="com.staffModule.TC_15_DeleteAndViewCustomerUsingGenericUtils" name="FetchTD" time="3.071"/>
  <testcase classname="com.staffModule.TC_15_DeleteAndViewCustomerUsingGenericUtils" name="staffModuleTest" time="1.681"/>
</testsuite> <!-- Test -->
