<?xml version="1.0" encoding="UTF-8"?>
<testng-results ignored="6" total="8" passed="2" failed="0" skipped="0">
  <reporter-output>
  </reporter-output>
  <suite started-at="2023-11-27T16:11:36 IST" name="Suite" finished-at="2023-11-27T16:11:36 IST" duration-ms="173">
    <groups>
      <group name="regression">
        <method signature="DemoTest2.Demo3()[pri:0, instance:com.TestNG.DemoTest2@128d2484]" name="Demo3" class="com.TestNG.DemoTest2"/>
      </group> <!-- regression -->
      <group name="smoke">
        <method signature="DemoTest2.Demo3()[pri:0, instance:com.TestNG.DemoTest2@128d2484]" name="Demo3" class="com.TestNG.DemoTest2"/>
        <method signature="DemoTest2.Demo4()[pri:0, instance:com.TestNG.DemoTest2@128d2484]" name="Demo4" class="com.TestNG.DemoTest2"/>
      </group> <!-- smoke -->
    </groups>
    <test started-at="2023-11-27T16:11:36 IST" name="Test-Runner1" finished-at="2023-11-27T16:11:36 IST" duration-ms="89">
      <class name="com.TestNG.DemoTest2">
        <test-method signature="Demo3()[pri:0, instance:com.TestNG.DemoTest2@128d2484]" started-at="2023-11-27T16:11:36 IST" name="Demo3" finished-at="2023-11-27T16:11:36 IST" duration-ms="13" status="PASS">
          <reporter-output>
          </reporter-output>
        </test-method> <!-- Demo3 -->
        <test-method signature="Demo4()[pri:0, instance:com.TestNG.DemoTest2@128d2484]" started-at="2023-11-27T16:11:36 IST" name="Demo4" finished-at="2023-11-27T16:11:36 IST" duration-ms="1" status="PASS">
          <reporter-output>
          </reporter-output>
        </test-method> <!-- Demo4 -->
      </class> <!-- com.TestNG.DemoTest2 -->
    </test> <!-- Test-Runner1 -->
    <test started-at="2023-11-27T16:11:36 IST" name="Test-Runner2" finished-at="2023-11-27T16:11:36 IST" duration-ms="1">
    </test> <!-- Test-Runner2 -->
  </suite> <!-- Suite -->
</testng-results>
